{
  "RSpec": {
    "coverage": {
      "/Users/JaiJk/Projects/bookmark-manager/spec/bookmark_spec.rb": {
        "lines": [
          null,
          null,
          1,
          null,
          1,
          1,
          1,
          1,
          1,
          1,
          1,
          null,
          null,
          null
        ]
      },
      "/Users/JaiJk/Projects/bookmark-manager/spec/features/bookmark_feature_spec.rb": {
        "lines": [
          null,
          null,
          1,
          1,
          1,
          1,
          1,
          1,
          null,
          null
        ]
      },
      "/Users/JaiJk/Projects/bookmark-manager/spec/features/index_spec.rb": {
        "lines": [
          null,
          null,
          1,
          1,
          1,
          1,
          null,
          null
        ]
      }
    },
    "timestamp": 1614093481
  }
}
